Performing C++ SOURCE FILE Test CMAKE_HAVE_LIBC_PTHREAD failed with the following output:
Change Dir: /home/chahe/git/PHOTOGRAMMETRIC-COMPUTER-VISION/Exercise01/build/CMakeFiles/CMakeTmp

Run Build Command(s):/usr/bin/make cmTC_7d31d/fast && /usr/bin/make  -f CMakeFiles/cmTC_7d31d.dir/build.make CMakeFiles/cmTC_7d31d.dir/build
make[1]: Entering directory '/home/chahe/git/PHOTOGRAMMETRIC-COMPUTER-VISION/Exercise01/build/CMakeFiles/CMakeTmp'
Building CXX object CMakeFiles/cmTC_7d31d.dir/src.cxx.o
/usr/bin/c++   -DCMAKE_HAVE_LIBC_PTHREAD -o CMakeFiles/cmTC_7d31d.dir/src.cxx.o -c /home/chahe/git/PHOTOGRAMMETRIC-COMPUTER-VISION/Exercise01/build/CMakeFiles/CMakeTmp/src.cxx
Linking CXX executable cmTC_7d31d
/opt/cmake-3.18.4-Linux-x86_64/bin/cmake -E cmake_link_script CMakeFiles/cmTC_7d31d.dir/link.txt --verbose=1
/usr/bin/c++  -DCMAKE_HAVE_LIBC_PTHREAD -rdynamic CMakeFiles/cmTC_7d31d.dir/src.cxx.o -o cmTC_7d31d 
CMakeFiles/cmTC_7d31d.dir/src.cxx.o: In function `main':
src.cxx:(.text+0x3e): undefined reference to `pthread_create'
src.cxx:(.text+0x4a): undefined reference to `pthread_detach'
src.cxx:(.text+0x56): undefined reference to `pthread_cancel'
src.cxx:(.text+0x67): undefined reference to `pthread_join'
src.cxx:(.text+0x7b): undefined reference to `pthread_atfork'
collect2: error: ld returned 1 exit status
CMakeFiles/cmTC_7d31d.dir/build.make:105: recipe for target 'cmTC_7d31d' failed
make[1]: *** [cmTC_7d31d] Error 1
make[1]: Leaving directory '/home/chahe/git/PHOTOGRAMMETRIC-COMPUTER-VISION/Exercise01/build/CMakeFiles/CMakeTmp'
Makefile:140: recipe for target 'cmTC_7d31d/fast' failed
make: *** [cmTC_7d31d/fast] Error 2


Source file was:
#include <pthread.h>

void* test_func(void* data)
{
  return data;
}

int main(void)
{
  pthread_t thread;
  pthread_create(&thread, NULL, test_func, NULL);
  pthread_detach(thread);
  pthread_cancel(thread);
  pthread_join(thread, NULL);
  pthread_atfork(NULL, NULL, NULL);
  pthread_exit(NULL);

  return 0;
}

Determining if the function pthread_create exists in the pthreads failed with the following output:
Change Dir: /home/chahe/git/PHOTOGRAMMETRIC-COMPUTER-VISION/Exercise01/build/CMakeFiles/CMakeTmp

Run Build Command(s):/usr/bin/make cmTC_47d14/fast && /usr/bin/make  -f CMakeFiles/cmTC_47d14.dir/build.make CMakeFiles/cmTC_47d14.dir/build
make[1]: Entering directory '/home/chahe/git/PHOTOGRAMMETRIC-COMPUTER-VISION/Exercise01/build/CMakeFiles/CMakeTmp'
Building CXX object CMakeFiles/cmTC_47d14.dir/CheckFunctionExists.cxx.o
/usr/bin/c++   -DCHECK_FUNCTION_EXISTS=pthread_create -o CMakeFiles/cmTC_47d14.dir/CheckFunctionExists.cxx.o -c /home/chahe/git/PHOTOGRAMMETRIC-COMPUTER-VISION/Exercise01/build/CMakeFiles/CheckLibraryExists/CheckFunctionExists.cxx
Linking CXX executable cmTC_47d14
/opt/cmake-3.18.4-Linux-x86_64/bin/cmake -E cmake_link_script CMakeFiles/cmTC_47d14.dir/link.txt --verbose=1
/usr/bin/c++  -DCHECK_FUNCTION_EXISTS=pthread_create -rdynamic CMakeFiles/cmTC_47d14.dir/CheckFunctionExists.cxx.o -o cmTC_47d14  -lpthreads 
/usr/bin/ld: cannot find -lpthreads
collect2: error: ld returned 1 exit status
CMakeFiles/cmTC_47d14.dir/build.make:105: recipe for target 'cmTC_47d14' failed
make[1]: *** [cmTC_47d14] Error 1
make[1]: Leaving directory '/home/chahe/git/PHOTOGRAMMETRIC-COMPUTER-VISION/Exercise01/build/CMakeFiles/CMakeTmp'
Makefile:140: recipe for target 'cmTC_47d14/fast' failed
make: *** [cmTC_47d14/fast] Error 2



